[2026-04-06T22:18:12.498Z] ╔══════════════════════════════════════════════╗
[2026-04-06T22:18:12.499Z] ║   Lauti CRM — Airtable → Supabase Migration ║
[2026-04-06T22:18:12.499Z] ╚══════════════════════════════════════════════╝
[2026-04-06T22:18:12.499Z] Started at 2026-04-06T22:18:12.499Z
[2026-04-06T22:18:12.499Z] 
[2026-04-06T22:18:12.500Z] === Migrating Team Members ===
[2026-04-06T22:18:13.402Z]   Fetched 1 records from tblRxMpUKOhfkF0ys...
[2026-04-06T22:18:13.602Z]   Updated team member:  (f297137c-513f-4958-9945-90c27475bc9c)
[2026-04-06T22:18:13.602Z] Team members done. Mapped 4 collaborator entries.
[2026-04-06T22:18:13.603Z] === Migrating Leads + Payments (Reporte de Llamadas) ===
[2026-04-06T22:18:14.243Z]   Fetched 100 records from tbleCytRILP3D7Q3N...
[2026-04-06T22:18:14.566Z]   Fetched 200 records from tbleCytRILP3D7Q3N...
[2026-04-06T22:18:14.904Z]   Fetched 300 records from tbleCytRILP3D7Q3N...
[2026-04-06T22:18:15.239Z]   Fetched 400 records from tbleCytRILP3D7Q3N...
[2026-04-06T22:18:15.553Z]   Fetched 500 records from tbleCytRILP3D7Q3N...
[2026-04-06T22:18:15.822Z]   Fetched 502 records from tbleCytRILP3D7Q3N...
[2026-04-06T22:18:15.822Z]   Total records to migrate: 502
[2026-04-06T22:20:24.621Z]   Upserted 502 rows into leads
[2026-04-06T22:20:24.621Z]   Migrated 502 leads
[2026-04-06T22:20:24.811Z]   Upserted 446 rows into payments
[2026-04-06T22:20:24.811Z]   Created 446 payment records from normalized leads
[2026-04-06T22:20:24.811Z] === Migrating Clients (Base de Clientes) ===
[2026-04-06T22:20:26.004Z]   Fetched 100 records from tbloD4rZPAyBKoylS...
[2026-04-06T22:20:26.270Z]   Fetched 200 records from tbloD4rZPAyBKoylS...
[2026-04-06T22:20:26.533Z]   Fetched 300 records from tbloD4rZPAyBKoylS...
[2026-04-06T22:20:26.817Z]   Fetched 400 records from tbloD4rZPAyBKoylS...
[2026-04-06T22:20:27.092Z]   Fetched 500 records from tbloD4rZPAyBKoylS...
[2026-04-06T22:20:27.348Z]   Fetched 600 records from tbloD4rZPAyBKoylS...
[2026-04-06T22:20:27.624Z]   Fetched 700 records from tbloD4rZPAyBKoylS...
[2026-04-06T22:20:27.893Z]   Fetched 800 records from tbloD4rZPAyBKoylS...
[2026-04-06T22:20:28.171Z]   Fetched 842 records from tbloD4rZPAyBKoylS...
[2026-04-06T22:20:28.659Z]   Upserted 842 rows into clients
[2026-04-06T22:20:28.659Z]   Migrated 842 clients
[2026-04-06T22:20:28.659Z] === Migrating Renewal History ===
[2026-04-06T22:20:28.879Z]   Fetched 2 records from tblDSzP54VuEfce8e...
[2026-04-06T22:20:28.952Z]   Upserted 2 rows into renewal_history
[2026-04-06T22:20:28.952Z]   Migrated 2 renewal history records
[2026-04-06T22:20:28.952Z] === Migrating Tracker 1a1 ===
[2026-04-06T22:20:29.183Z]   Fetched 2 records from tblln5DRvO6iZBdLa...
[2026-04-06T22:20:29.266Z]   Upserted 2 rows into tracker_sessions
[2026-04-06T22:20:29.266Z]   Migrated 2 tracker sessions
[2026-04-06T22:20:29.266Z] === Migrating Daily Reports ===
[2026-04-06T22:20:29.500Z]   Fetched 2 records from tblpfZMziou1Ny9sU...
[2026-04-06T22:20:29.579Z]   Upserted 2 rows into daily_reports
[2026-04-06T22:20:29.579Z]   Migrated 2 daily reports
[2026-04-06T22:20:29.580Z] === Migrating IG Metrics ===
[2026-04-06T22:20:29.804Z]   Fetched 1 records from tbl17rny30qYztVo3...
[2026-04-06T22:20:29.894Z]   Upserted 1 rows into ig_metrics
[2026-04-06T22:20:29.894Z]   Migrated 1 IG metrics records
[2026-04-06T22:20:29.894Z] 
[2026-04-06T22:20:29.894Z] ═══════════════════════════════════════════════
[2026-04-06T22:20:29.894Z] MIGRATION COMPLETE
[2026-04-06T22:20:29.894Z] Total ID mappings: 1352
[2026-04-06T22:20:29.894Z] Total team mappings: 4
[2026-04-06T22:20:29.894Z] ═══════════════════════════════════════════════
